<?xml version="1.0" encoding="UTF-8"?>
<testng-results ignored="0" total="1" passed="1" failed="0" skipped="0">
  <reporter-output>
  </reporter-output>
  <suite started-at="2024-05-15T19:26:12 IST" name="Suite" finished-at="2024-05-15T19:27:24 IST" duration-ms="71863">
    <groups>
      <group name="cucumber">
        <method signature="AbstractTestNGCucumberTests.runScenario(io.cucumber.testng.PickleEventWrapper, io.cucumber.testng.CucumberFeatureWrapper)[pri:0, instance:Runner.runner@289710d9]" name="runScenario" class="io.cucumber.testng.AbstractTestNGCucumberTests"/>
      </group> <!-- cucumber -->
    </groups>
    <test started-at="2024-05-15T19:26:12 IST" name="Test" finished-at="2024-05-15T19:27:24 IST" duration-ms="71863">
      <class name="Runner.runner">
        <test-method is-config="true" signature="start()[pri:0, instance:Runner.runner@289710d9]" started-at="2024-05-15T19:26:07 IST" name="start" finished-at="2024-05-15T19:26:12 IST" duration-ms="4924" status="PASS">
          <reporter-output>
          </reporter-output>
        </test-method> <!-- start -->
        <test-method is-config="true" signature="setUpClass()[pri:0, instance:Runner.runner@289710d9]" started-at="2024-05-15T19:26:12 IST" name="setUpClass" finished-at="2024-05-15T19:26:13 IST" duration-ms="1019" status="PASS">
          <reporter-output>
          </reporter-output>
        </test-method> <!-- setUpClass -->
        <test-method signature="runScenario(io.cucumber.testng.PickleEventWrapper, io.cucumber.testng.CucumberFeatureWrapper)[pri:0, instance:Runner.runner@289710d9]" started-at="2024-05-15T19:26:13 IST" name="runScenario" description="Runs Cucumber Scenarios" data-provider="scenarios" finished-at="2024-05-15T19:27:24 IST" duration-ms="70690" status="PASS">
          <params>
            <param index="0">
              <value>
                <![CDATA["Search for jobs matching preferences and verify sorting by newest Date Posted"]]>
              </value>
            </param>
            <param index="1">
              <value>
                <![CDATA["NHS Jobs Search"]]>
              </value>
            </param>
          </params>
          <reporter-output>
          </reporter-output>
        </test-method> <!-- runScenario -->
        <test-method is-config="true" signature="tearDownClass()[pri:0, instance:Runner.runner@289710d9]" started-at="2024-05-15T19:27:24 IST" name="tearDownClass" finished-at="2024-05-15T19:27:24 IST" duration-ms="5" status="PASS">
          <reporter-output>
          </reporter-output>
        </test-method> <!-- tearDownClass -->
        <test-method is-config="true" signature="teardown()[pri:0, instance:Runner.runner@289710d9]" started-at="2024-05-15T19:27:24 IST" name="teardown" finished-at="2024-05-15T19:27:25 IST" duration-ms="927" status="PASS">
          <reporter-output>
          </reporter-output>
        </test-method> <!-- teardown -->
      </class> <!-- Runner.runner -->
    </test> <!-- Test -->
  </suite> <!-- Suite -->
</testng-results>
